<?xml version="1.0" encoding="UTF-8"?>
<!-- Generated by org.testng.reporters.JUnitXMLReporter -->
<testsuite ignored="0" hostname="DESKTOP-0TSGC6B" failures="0" tests="3" name="Default test" time="1.81" errors="0" timestamp="2024-07-08T10:49:47 IST">
  <testcase classname="ecommerce.ecommerce.test.AddToCarttest" name="validateCartValueShown" time="0.943"/>
  <testcase classname="ecommerce.ecommerce.test.AddToCarttest" name="validateYourCartPage" time="0.19"/>
  <testcase classname="ecommerce.ecommerce.test.AddToCarttest" name="validateUserInformationPage" time="0.201"/>
</testsuite> <!-- Default test -->
