<?xml version="1.0" encoding="UTF-8"?>
<testng-results ignored="0" total="5" passed="5" failed="0" skipped="0">
  <reporter-output>
  </reporter-output>
  <suite started-at="2024-07-08T01:35:35 IST" name="Testing Sauce Labs" finished-at="2024-07-08T01:36:00 IST" duration-ms="24216">
    <groups>
    </groups>
    <test started-at="2024-07-08T01:35:35 IST" name="Regression" finished-at="2024-07-08T01:36:00 IST" duration-ms="24216">
      <class name="ecommerce.ecommerce.test.CheckoutOverviewtest">
        <test-method is-config="true" signature="setup()[pri:0, instance:ecommerce.ecommerce.test.CheckoutOverviewtest@43df23d3]" started-at="2024-07-08T01:35:37 IST" name="setup" finished-at="2024-07-08T01:35:44 IST" duration-ms="7482" status="PASS">
          <reporter-output>
          </reporter-output>
        </test-method> <!-- setup -->
        <test-method signature="validatecheckout()[pri:0, instance:ecommerce.ecommerce.test.CheckoutOverviewtest@43df23d3]" started-at="2024-07-08T01:35:44 IST" name="validatecheckout" finished-at="2024-07-08T01:35:46 IST" duration-ms="1607" status="PASS">
          <reporter-output>
          </reporter-output>
        </test-method> <!-- validatecheckout -->
        <test-method is-config="true" signature="teardown()[pri:0, instance:ecommerce.ecommerce.test.CheckoutOverviewtest@43df23d3]" started-at="2024-07-08T01:35:46 IST" name="teardown" finished-at="2024-07-08T01:35:53 IST" duration-ms="6603" status="PASS">
          <reporter-output>
          </reporter-output>
        </test-method> <!-- teardown -->
      </class> <!-- ecommerce.ecommerce.test.CheckoutOverviewtest -->
      <class name="ecommerce.ecommerce.test.AddToCarttest">
        <test-method is-config="true" signature="setup()[pri:0, instance:ecommerce.ecommerce.test.AddToCarttest@4a003cbe]" started-at="2024-07-08T01:35:27 IST" name="setup" finished-at="2024-07-08T01:35:35 IST" duration-ms="8112" status="PASS">
          <reporter-output>
          </reporter-output>
        </test-method> <!-- setup -->
        <test-method signature="validateCartValueShown()[pri:1, instance:ecommerce.ecommerce.test.AddToCarttest@4a003cbe]" started-at="2024-07-08T01:35:36 IST" name="validateCartValueShown" finished-at="2024-07-08T01:35:37 IST" duration-ms="708" status="PASS">
          <reporter-output>
          </reporter-output>
        </test-method> <!-- validateCartValueShown -->
        <test-method signature="validateYourCartPage()[pri:2, instance:ecommerce.ecommerce.test.AddToCarttest@4a003cbe]" started-at="2024-07-08T01:35:37 IST" name="validateYourCartPage" finished-at="2024-07-08T01:35:37 IST" depends-on-methods="ecommerce.ecommerce.test.AddToCarttest.validateCartValueShown" duration-ms="154" status="PASS">
          <reporter-output>
          </reporter-output>
        </test-method> <!-- validateYourCartPage -->
        <test-method signature="validateUserInformationPage()[pri:3, instance:ecommerce.ecommerce.test.AddToCarttest@4a003cbe]" started-at="2024-07-08T01:35:37 IST" name="validateUserInformationPage" finished-at="2024-07-08T01:35:37 IST" depends-on-methods="ecommerce.ecommerce.test.AddToCarttest.validateYourCartPage" duration-ms="162" status="PASS">
          <reporter-output>
          </reporter-output>
        </test-method> <!-- validateUserInformationPage -->
        <test-method is-config="true" signature="teardown()[pri:0, instance:ecommerce.ecommerce.test.AddToCarttest@4a003cbe]" started-at="2024-07-08T01:36:00 IST" name="teardown" finished-at="2024-07-08T01:36:00 IST" duration-ms="0" status="PASS">
          <reporter-output>
          </reporter-output>
        </test-method> <!-- teardown -->
      </class> <!-- ecommerce.ecommerce.test.AddToCarttest -->
      <class name="ecommerce.ecommerce.test.Logintest">
        <test-method is-config="true" signature="setup()[pri:0, instance:ecommerce.ecommerce.test.Logintest@6d60fe40]" started-at="2024-07-08T01:35:53 IST" name="setup" finished-at="2024-07-08T01:35:59 IST" duration-ms="6250" status="PASS">
          <reporter-output>
          </reporter-output>
        </test-method> <!-- setup -->
        <test-method signature="validateLogin()[pri:0, instance:ecommerce.ecommerce.test.Logintest@6d60fe40]" started-at="2024-07-08T01:35:59 IST" name="validateLogin" finished-at="2024-07-08T01:35:59 IST" duration-ms="496" status="PASS">
          <reporter-output>
          </reporter-output>
        </test-method> <!-- validateLogin -->
        <test-method is-config="true" signature="teardown()[pri:0, instance:ecommerce.ecommerce.test.Logintest@6d60fe40]" started-at="2024-07-08T01:35:59 IST" name="teardown" finished-at="2024-07-08T01:36:00 IST" duration-ms="440" status="PASS">
          <reporter-output>
          </reporter-output>
        </test-method> <!-- teardown -->
      </class> <!-- ecommerce.ecommerce.test.Logintest -->
    </test> <!-- Regression -->
  </suite> <!-- Testing Sauce Labs -->
</testng-results>
