<?xml version="1.0" encoding="UTF-8"?>
<testng-results ignored="0" total="5" passed="5" failed="0" skipped="0">
  <reporter-output>
  </reporter-output>
  <suite started-at="2024-07-08T13:14:58 IST" name="Testing Sauce Labs" finished-at="2024-07-08T13:15:22 IST" duration-ms="23617">
    <groups>
    </groups>
    <test started-at="2024-07-08T13:14:58 IST" name="Regression" finished-at="2024-07-08T13:15:22 IST" duration-ms="23617">
      <class name="ecommerce.ecommerce.test.CheckoutOverviewtest">
        <test-method is-config="true" signature="setup()[pri:0, instance:ecommerce.ecommerce.test.CheckoutOverviewtest@792b749c]" started-at="2024-07-08T13:14:59 IST" name="setup" finished-at="2024-07-08T13:15:07 IST" duration-ms="8260" status="PASS">
          <reporter-output>
          </reporter-output>
        </test-method> <!-- setup -->
        <test-method signature="validatecheckout()[pri:0, instance:ecommerce.ecommerce.test.CheckoutOverviewtest@792b749c]" started-at="2024-07-08T13:15:07 IST" name="validatecheckout" finished-at="2024-07-08T13:15:09 IST" duration-ms="1684" status="PASS">
          <reporter-output>
          </reporter-output>
        </test-method> <!-- validatecheckout -->
        <test-method is-config="true" signature="teardown()[pri:0, instance:ecommerce.ecommerce.test.CheckoutOverviewtest@792b749c]" started-at="2024-07-08T13:15:09 IST" name="teardown" finished-at="2024-07-08T13:15:15 IST" duration-ms="5731" status="PASS">
          <reporter-output>
          </reporter-output>
        </test-method> <!-- teardown -->
      </class> <!-- ecommerce.ecommerce.test.CheckoutOverviewtest -->
      <class name="ecommerce.ecommerce.test.AddToCarttest">
        <test-method is-config="true" signature="setup()[pri:0, instance:ecommerce.ecommerce.test.AddToCarttest@17fc391b]" started-at="2024-07-08T13:14:46 IST" name="setup" finished-at="2024-07-08T13:14:58 IST" duration-ms="12583" status="PASS">
          <reporter-output>
          </reporter-output>
        </test-method> <!-- setup -->
        <test-method signature="validateCartValueShown()[pri:1, instance:ecommerce.ecommerce.test.AddToCarttest@17fc391b]" started-at="2024-07-08T13:14:58 IST" name="validateCartValueShown" finished-at="2024-07-08T13:14:59 IST" duration-ms="737" status="PASS">
          <reporter-output>
          </reporter-output>
        </test-method> <!-- validateCartValueShown -->
        <test-method signature="validateYourCartPage()[pri:2, instance:ecommerce.ecommerce.test.AddToCarttest@17fc391b]" started-at="2024-07-08T13:14:59 IST" name="validateYourCartPage" finished-at="2024-07-08T13:14:59 IST" depends-on-methods="ecommerce.ecommerce.test.AddToCarttest.validateCartValueShown" duration-ms="147" status="PASS">
          <reporter-output>
          </reporter-output>
        </test-method> <!-- validateYourCartPage -->
        <test-method signature="validateUserInformationPage()[pri:3, instance:ecommerce.ecommerce.test.AddToCarttest@17fc391b]" started-at="2024-07-08T13:14:59 IST" name="validateUserInformationPage" finished-at="2024-07-08T13:14:59 IST" depends-on-methods="ecommerce.ecommerce.test.AddToCarttest.validateYourCartPage" duration-ms="206" status="PASS">
          <reporter-output>
          </reporter-output>
        </test-method> <!-- validateUserInformationPage -->
        <test-method is-config="true" signature="teardown2()[pri:0, instance:ecommerce.ecommerce.test.AddToCarttest@17fc391b]" started-at="2024-07-08T13:15:22 IST" name="teardown2" finished-at="2024-07-08T13:15:22 IST" duration-ms="0" status="PASS">
          <reporter-output>
          </reporter-output>
        </test-method> <!-- teardown2 -->
        <test-method is-config="true" signature="teardown()[pri:0, instance:ecommerce.ecommerce.test.AddToCarttest@17fc391b]" started-at="2024-07-08T13:15:22 IST" name="teardown" finished-at="2024-07-08T13:15:22 IST" duration-ms="0" status="PASS">
          <reporter-output>
          </reporter-output>
        </test-method> <!-- teardown -->
      </class> <!-- ecommerce.ecommerce.test.AddToCarttest -->
      <class name="ecommerce.ecommerce.test.Logintest">
        <test-method is-config="true" signature="setup()[pri:0, instance:ecommerce.ecommerce.test.Logintest@23e84203]" started-at="2024-07-08T13:15:15 IST" name="setup" finished-at="2024-07-08T13:15:21 IST" duration-ms="5904" status="PASS">
          <reporter-output>
          </reporter-output>
        </test-method> <!-- setup -->
        <test-method signature="validateLogin()[pri:0, instance:ecommerce.ecommerce.test.Logintest@23e84203]" started-at="2024-07-08T13:15:21 IST" name="validateLogin" finished-at="2024-07-08T13:15:21 IST" duration-ms="522" status="PASS">
          <reporter-output>
          </reporter-output>
        </test-method> <!-- validateLogin -->
        <test-method is-config="true" signature="teardown()[pri:0, instance:ecommerce.ecommerce.test.Logintest@23e84203]" started-at="2024-07-08T13:15:21 IST" name="teardown" finished-at="2024-07-08T13:15:22 IST" duration-ms="375" status="PASS">
          <reporter-output>
          </reporter-output>
        </test-method> <!-- teardown -->
      </class> <!-- ecommerce.ecommerce.test.Logintest -->
    </test> <!-- Regression -->
  </suite> <!-- Testing Sauce Labs -->
</testng-results>
