<?xml version="1.0" encoding="UTF-8"?>
<testsuite xmlns:xsi="http://www.w3.org/2001/XMLSchema-instance" xsi:noNamespaceSchemaLocation="https://maven.apache.org/surefire/maven-surefire-plugin/xsd/surefire-test-report.xsd" version="3.0.1" name="TestSuite" time="33.232" tests="5" errors="0" skipped="0" failures="0">
  <properties>
[...]
</properties>
  <testcase name="validateCartValueShown" classname="ecommerce.ecommerce.test.AddToCarttest" time="0.718">
    <system-out><![CDATA[properties file loaded
properties file loaded
properties file loaded
properties file loaded
Before navigating to: 'https://www.saucedemo.com/'
Navigated to:'https://www.saucedemo.com/'
properties file loaded
Trying to click on: [[ChromeDriver: chrome on windows (2868c9438439f461cd66bf0bbb4676d9)] -> id: login-button]
Clicked on: [[ChromeDriver: chrome on windows (2868c9438439f461cd66bf0bbb4676d9)] -> id: login-button]
properties file loaded
Trying to click on: [[ChromeDriver: chrome on windows (2868c9438439f461cd66bf0bbb4676d9)] -> id: add-to-cart-sauce-labs-backpack]
Clicked on: [[ChromeDriver: chrome on windows (2868c9438439f461cd66bf0bbb4676d9)] -> id: add-to-cart-sauce-labs-backpack]
1
]]></system-out>
    <system-err><![CDATA[[main] INFO io.github.bonigarcia.wdm.WebDriverManager - Using chromedriver 126.0.6478.126 (resolved driver for Chrome 126)
[main] INFO io.github.bonigarcia.wdm.WebDriverManager - Exporting webdriver.chrome.driver as C:\Users\Rudra\.cache\selenium\chromedriver\win64\126.0.6478.126\chromedriver.exe
Jul 08, 2024 1:35:28 AM org.openqa.selenium.remote.service.DriverService$Builder getLogOutput
INFO: Driver logs no longer sent to console by default; https://www.selenium.dev/documentation/webdriver/drivers/service/#setting-log-output
Jul 08, 2024 1:35:30 AM org.openqa.selenium.devtools.CdpVersionFinder findNearestMatch
WARNING: Unable to find CDP implementation matching 126
Jul 08, 2024 1:35:30 AM org.openqa.selenium.chromium.ChromiumDriver lambda$new$4
WARNING: Unable to find version of CDP to use for . You may need to include a dependency on a specific version of the CDP using something similar to `org.seleniumhq.selenium:selenium-devtools-v86:4.10.0` where the version ("v86") matches the version of the chromium-based browser you're using and the version number of the artifact is the same as Selenium's.
]]></system-err>
  </testcase>
  <testcase name="validateYourCartPage" classname="ecommerce.ecommerce.test.AddToCarttest" time="0.094">
    <system-out><![CDATA[Trying to click on: [[ChromeDriver: chrome on windows (2868c9438439f461cd66bf0bbb4676d9)] -> class name: shopping_cart_badge]
Clicked on: [[ChromeDriver: chrome on windows (2868c9438439f461cd66bf0bbb4676d9)] -> class name: shopping_cart_badge]
properties file loaded
]]></system-out>
  </testcase>
  <testcase name="validateUserInformationPage" classname="ecommerce.ecommerce.test.AddToCarttest" time="0.161">
    <system-out><![CDATA[Trying to click on: [[ChromeDriver: chrome on windows (2868c9438439f461cd66bf0bbb4676d9)] -> id: checkout]
Clicked on: [[ChromeDriver: chrome on windows (2868c9438439f461cd66bf0bbb4676d9)] -> id: checkout]
properties file loaded
]]></system-out>
  </testcase>
  <testcase name="validatecheckout" classname="ecommerce.ecommerce.test.CheckoutOverviewtest" time="1.607">
    <system-out><![CDATA[properties file loaded
Before navigating to: 'https://www.saucedemo.com/'
Navigated to:'https://www.saucedemo.com/'
properties file loaded
Trying to click on: [[ChromeDriver: chrome on windows (6ad6fe1972f9bfaed48dcf87af590654)] -> id: login-button]
Clicked on: [[ChromeDriver: chrome on windows (6ad6fe1972f9bfaed48dcf87af590654)] -> id: login-button]
properties file loaded
Trying to click on: [[ChromeDriver: chrome on windows (6ad6fe1972f9bfaed48dcf87af590654)] -> id: add-to-cart-sauce-labs-backpack]
Clicked on: [[ChromeDriver: chrome on windows (6ad6fe1972f9bfaed48dcf87af590654)] -> id: add-to-cart-sauce-labs-backpack]
Trying to click on: [[ChromeDriver: chrome on windows (6ad6fe1972f9bfaed48dcf87af590654)] -> class name: shopping_cart_badge]
Clicked on: [[ChromeDriver: chrome on windows (6ad6fe1972f9bfaed48dcf87af590654)] -> class name: shopping_cart_badge]
properties file loaded
Trying to click on: [[ChromeDriver: chrome on windows (6ad6fe1972f9bfaed48dcf87af590654)] -> id: checkout]
Clicked on: [[ChromeDriver: chrome on windows (6ad6fe1972f9bfaed48dcf87af590654)] -> id: checkout]
properties file loaded
Trying to click on: [[ChromeDriver: chrome on windows (6ad6fe1972f9bfaed48dcf87af590654)] -> id: continue]
Clicked on: [[ChromeDriver: chrome on windows (6ad6fe1972f9bfaed48dcf87af590654)] -> id: continue]
properties file loaded
Trying to click on: [[ChromeDriver: chrome on windows (6ad6fe1972f9bfaed48dcf87af590654)] -> id: finish]
Clicked on: [[ChromeDriver: chrome on windows (6ad6fe1972f9bfaed48dcf87af590654)] -> id: finish]
properties file loaded
checkout comple is passed
]]></system-out>
    <system-err><![CDATA[[main] INFO io.github.bonigarcia.wdm.WebDriverManager - Using chromedriver 126.0.6478.126 (resolved driver for Chrome 126)
[main] INFO io.github.bonigarcia.wdm.WebDriverManager - Exporting webdriver.chrome.driver as C:\Users\Rudra\.cache\selenium\chromedriver\win64\126.0.6478.126\chromedriver.exe
Jul 08, 2024 1:35:37 AM org.openqa.selenium.remote.service.DriverService$Builder getLogOutput
INFO: Driver logs no longer sent to console by default; https://www.selenium.dev/documentation/webdriver/drivers/service/#setting-log-output
Jul 08, 2024 1:35:39 AM org.openqa.selenium.devtools.CdpVersionFinder findNearestMatch
WARNING: Unable to find CDP implementation matching 126
Jul 08, 2024 1:35:39 AM org.openqa.selenium.chromium.ChromiumDriver lambda$new$4
WARNING: Unable to find version of CDP to use for . You may need to include a dependency on a specific version of the CDP using something similar to `org.seleniumhq.selenium:selenium-devtools-v86:4.10.0` where the version ("v86") matches the version of the chromium-based browser you're using and the version number of the artifact is the same as Selenium's.
]]></system-err>
  </testcase>
  <testcase name="validateLogin" classname="ecommerce.ecommerce.test.Logintest" time="0.497">
    <system-out><![CDATA[properties file loaded
Before navigating to: 'https://www.saucedemo.com/'
Navigated to:'https://www.saucedemo.com/'
properties file loaded
Trying to click on: [[ChromeDriver: chrome on windows (49d51f97d240e92777cbd3e0f0d586e6)] -> id: login-button]
Clicked on: [[ChromeDriver: chrome on windows (49d51f97d240e92777cbd3e0f0d586e6)] -> id: login-button]
properties file loaded
]]></system-out>
    <system-err><![CDATA[[main] INFO io.github.bonigarcia.wdm.WebDriverManager - Using chromedriver 126.0.6478.126 (resolved driver for Chrome 126)
[main] INFO io.github.bonigarcia.wdm.WebDriverManager - Exporting webdriver.chrome.driver as C:\Users\Rudra\.cache\selenium\chromedriver\win64\126.0.6478.126\chromedriver.exe
Jul 08, 2024 1:35:53 AM org.openqa.selenium.remote.service.DriverService$Builder getLogOutput
INFO: Driver logs no longer sent to console by default; https://www.selenium.dev/documentation/webdriver/drivers/service/#setting-log-output
Jul 08, 2024 1:35:54 AM org.openqa.selenium.devtools.CdpVersionFinder findNearestMatch
WARNING: Unable to find CDP implementation matching 126
Jul 08, 2024 1:35:54 AM org.openqa.selenium.chromium.ChromiumDriver lambda$new$4
WARNING: Unable to find version of CDP to use for . You may need to include a dependency on a specific version of the CDP using something similar to `org.seleniumhq.selenium:selenium-devtools-v86:4.10.0` where the version ("v86") matches the version of the chromium-based browser you're using and the version number of the artifact is the same as Selenium's.
]]></system-err>
  </testcase>
</testsuite>