<?xml version="1.0" encoding="UTF-8"?>
<!-- Generated by org.testng.reporters.JUnitXMLReporter -->
<testsuite ignored="0" hostname="DESKTOP-0TSGC6B" failures="0" tests="5" name="Regression" time="21.322" errors="0" timestamp="2024-07-08T14:57:03 IST">
  <testcase classname="ecommerce.ecommerce.test.AddToCarttest" name="validateCartValueShown" time="0.674"/>
  <testcase classname="ecommerce.ecommerce.test.AddToCarttest" name="validateYourCartPage" time="0.145"/>
  <testcase classname="ecommerce.ecommerce.test.AddToCarttest" name="validateUserInformationPage" time="0.18"/>
  <testcase classname="ecommerce.ecommerce.test.CheckoutOverviewtest" name="validatecheckout" time="1.489"/>
  <testcase classname="ecommerce.ecommerce.test.Logintest" name="validateLogin" time="0.513"/>
</testsuite> <!-- Regression -->
