<?xml version="1.0" encoding="UTF-8"?>
<!-- Generated by org.testng.reporters.JUnitXMLReporter -->
<testsuite ignored="0" hostname="DESKTOP-0TSGC6B" failures="0" tests="5" name="Regression" time="24.216" errors="0" timestamp="2024-07-08T01:36:00 IST">
  <testcase classname="ecommerce.ecommerce.test.AddToCarttest" name="validateCartValueShown" time="0.708"/>
  <testcase classname="ecommerce.ecommerce.test.AddToCarttest" name="validateYourCartPage" time="0.154"/>
  <testcase classname="ecommerce.ecommerce.test.AddToCarttest" name="validateUserInformationPage" time="0.162"/>
  <testcase classname="ecommerce.ecommerce.test.CheckoutOverviewtest" name="validatecheckout" time="1.607"/>
  <testcase classname="ecommerce.ecommerce.test.Logintest" name="validateLogin" time="0.496"/>
</testsuite> <!-- Regression -->
