<?xml version="1.0" encoding="UTF-8"?>
<testng-results ignored="0" total="3" passed="3" failed="0" skipped="0">
  <reporter-output>
  </reporter-output>
  <suite started-at="2024-07-08T10:49:45 IST" name="Default suite" finished-at="2024-07-08T10:49:47 IST" duration-ms="1810">
    <groups>
    </groups>
    <test started-at="2024-07-08T10:49:45 IST" name="Default test" finished-at="2024-07-08T10:49:47 IST" duration-ms="1810">
      <class name="ecommerce.ecommerce.test.AddToCarttest">
        <test-method is-config="true" signature="setup()[pri:0, instance:ecommerce.ecommerce.test.AddToCarttest@30f842ca]" started-at="2024-07-08T10:49:40 IST" name="setup" finished-at="2024-07-08T10:49:45 IST" duration-ms="5049" status="PASS">
          <reporter-output>
          </reporter-output>
        </test-method> <!-- setup -->
        <test-method signature="validateCartValueShown()[pri:1, instance:ecommerce.ecommerce.test.AddToCarttest@30f842ca]" started-at="2024-07-08T10:49:45 IST" name="validateCartValueShown" finished-at="2024-07-08T10:49:46 IST" duration-ms="943" status="PASS">
          <reporter-output>
          </reporter-output>
        </test-method> <!-- validateCartValueShown -->
        <test-method signature="validateYourCartPage()[pri:2, instance:ecommerce.ecommerce.test.AddToCarttest@30f842ca]" started-at="2024-07-08T10:49:46 IST" name="validateYourCartPage" finished-at="2024-07-08T10:49:46 IST" depends-on-methods="ecommerce.ecommerce.test.AddToCarttest.validateCartValueShown" duration-ms="190" status="PASS">
          <reporter-output>
          </reporter-output>
        </test-method> <!-- validateYourCartPage -->
        <test-method signature="validateUserInformationPage()[pri:3, instance:ecommerce.ecommerce.test.AddToCarttest@30f842ca]" started-at="2024-07-08T10:49:46 IST" name="validateUserInformationPage" finished-at="2024-07-08T10:49:47 IST" depends-on-methods="ecommerce.ecommerce.test.AddToCarttest.validateYourCartPage" duration-ms="201" status="PASS">
          <reporter-output>
          </reporter-output>
        </test-method> <!-- validateUserInformationPage -->
        <test-method is-config="true" signature="teardown2()[pri:0, instance:ecommerce.ecommerce.test.AddToCarttest@30f842ca]" started-at="2024-07-08T10:49:47 IST" name="teardown2" finished-at="2024-07-08T10:49:47 IST" duration-ms="396" status="PASS">
          <reporter-output>
          </reporter-output>
        </test-method> <!-- teardown2 -->
        <test-method is-config="true" signature="teardown()[pri:0, instance:ecommerce.ecommerce.test.AddToCarttest@30f842ca]" started-at="2024-07-08T10:49:47 IST" name="teardown" finished-at="2024-07-08T10:49:47 IST" duration-ms="1" status="PASS">
          <reporter-output>
          </reporter-output>
        </test-method> <!-- teardown -->
      </class> <!-- ecommerce.ecommerce.test.AddToCarttest -->
    </test> <!-- Default test -->
  </suite> <!-- Default suite -->
</testng-results>
